[19:42:28] [main/INFO] (FabricLoader/GameProvider) Loading Minecraft 1.20.6 with Fabric Loader 0.15.11
[19:42:28] [main/DEBUG] (FabricLoader/GamePatch) Found game constructor: net.minecraft.client.main.Main -> net.minecraft.client.MinecraftClient
[19:42:28] [main/DEBUG] (FabricLoader/GamePatch) Patching game constructor <init>(Lnet/minecraft/client/RunArgs;)V
[19:42:28] [main/DEBUG] (FabricLoader/GamePatch) Run directory field is thought to be net/minecraft/client/MinecraftClient/runDirectory
[19:42:28] [main/DEBUG] (FabricLoader/GamePatch) Applying brand name hook to net/minecraft/client/ClientBrandRetriever::getClientModName
[19:42:28] [main/DEBUG] (FabricLoader/GamePatch) Applying brand name hook to net/minecraft/server/MinecraftServer::getServerModName
[19:42:28] [main/DEBUG] (FabricLoader/Mappings) Loading mappings took 81 ms
[19:42:28] [main/DEBUG] (FabricLoader/GamePatch) Patched 3 classs
[19:42:28] [main/DEBUG] (FabricLoader/Discovery) Mod discovery time: 32.8 ms
[19:42:28] [main/DEBUG] (FabricLoader/Resolution) Mod resolution time: 41.1 ms
[19:42:28] [main/INFO] (FabricLoader) Loading 7 mods:
	- fabric-resource-loader-v0 1.0.5+c5f2432cff
	- fabricloader 0.15.11
	- java 21
	- meteor-client 0.5.7-2099
	- minecraft 1.20.6
	- mixinextras 0.3.5
	- snailplus 2.0
[19:42:28] [main/DEBUG] (FabricLoader/Knot) Adding C:\Users\samue\IdeaProjects\java projects\seasnail1\.gradle\loom-cache\remapped_mods\net_fabricmc_yarn_1_20_6_1_20_6_build_3_v2\meteordevelopment\meteor-client\0.5.7-SNAPSHOT\meteor-client-0.5.7-SNAPSHOT.jar to classpath.
[19:42:28] [main/DEBUG] (FabricLoader/Knot) Adding C:\Users\samue\IdeaProjects\java projects\seasnail1\.gradle\loom-cache\remapped_mods\net_fabricmc_yarn_1_20_6_1_20_6_build_3_v2\net\fabricmc\fabric-api\fabric-resource-loader-v0\1.0.5+c5f2432cff\fabric-resource-loader-v0-1.0.5+c5f2432cff.jar to classpath.
[19:42:28] [main/DEBUG] (FabricLoader/Knot) Adding C:\Users\samue\IdeaProjects\java projects\seasnail1\build\resources\main to classpath.
[19:42:28] [main/DEBUG] (FabricLoader/Knot) Adding C:\Users\samue\.gradle\caches\modules-2\files-2.1\io.github.llamalad7\mixinextras-fabric\0.3.5\3b577be20ea942610b3045e4f0cd909fa415a9d3\mixinextras-fabric-0.3.5.jar to classpath.
[19:42:28] [main/DEBUG] (FabricLoader/Entrypoint) Registering new-style initializer meteordevelopment.meteorclient.MeteorClient for mod meteor-client (key client)
[19:42:28] [main/DEBUG] (FabricLoader/Entrypoint) Registering new-style initializer org.Snail.Plus.Addon for mod snailplus (key meteor)
[19:42:28] [main/INFO] (FabricLoader/Mixin) SpongePowered MIXIN Subsystem Version=0.8.5 Source=file:/C:/Users/samue/.gradle/caches/modules-2/files-2.1/net.fabricmc/sponge-mixin/0.13.3+mixin.0.8.5/9527e6b0d2449408958fd1302594dc65ec5ade9c/sponge-mixin-0.13.3+mixin.0.8.5.jar Service=Knot/Fabric Env=CLIENT
[19:42:28] [main/DEBUG] (FabricLoader/Mixin) Error cleaning class output directory: .mixin.out
[19:42:28] [main/DEBUG] (FabricLoader/Mixin) Initialising Mixin Platform Manager
[19:42:28] [main/DEBUG] (FabricLoader/Mixin) Adding mixin platform agents for container ContainerHandleURI(file:///C:/Users/samue/.gradle/caches/modules-2/files-2.1/net.fabricmc/fabric-loader/0.15.11/9c2be53d84ec5c4fb58bb5b8d9c8a629047c9ee9/fabric-loader-0.15.11.jar)
[19:42:28] [main/DEBUG] (FabricLoader/Mixin) Instancing new MixinPlatformAgentDefault for ContainerHandleURI(file:///C:/Users/samue/.gradle/caches/modules-2/files-2.1/net.fabricmc/fabric-loader/0.15.11/9c2be53d84ec5c4fb58bb5b8d9c8a629047c9ee9/fabric-loader-0.15.11.jar)
[19:42:28] [main/DEBUG] (FabricLoader/Mixin) MixinPlatformAgentDefault accepted container ContainerHandleURI(file:///C:/Users/samue/.gradle/caches/modules-2/files-2.1/net.fabricmc/fabric-loader/0.15.11/9c2be53d84ec5c4fb58bb5b8d9c8a629047c9ee9/fabric-loader-0.15.11.jar)
[19:42:28] [main/DEBUG] (FabricLoader/Mixin) Instancing new MixinPlatformAgentDefault for ContainerHandleURI(file:///C:/Users/samue/.gradle/caches/modules-2/files-2.1/net.fabricmc/fabric-loader/0.15.11/9c2be53d84ec5c4fb58bb5b8d9c8a629047c9ee9/fabric-loader-0.15.11.jar)
[19:42:28] [main/DEBUG] (FabricLoader/Mixin) MixinPlatformAgentDefault accepted container ContainerHandleURI(file:///C:/Users/samue/.gradle/caches/modules-2/files-2.1/net.fabricmc/fabric-loader/0.15.11/9c2be53d84ec5c4fb58bb5b8d9c8a629047c9ee9/fabric-loader-0.15.11.jar)
[19:42:28] [main/DEBUG] (FabricLoader/Mixin) Processing prepare() for PlatformAgent[MixinPlatformAgentDefault:ContainerHandleURI(file:///C:/Users/samue/.gradle/caches/modules-2/files-2.1/net.fabricmc/fabric-loader/0.15.11/9c2be53d84ec5c4fb58bb5b8d9c8a629047c9ee9/fabric-loader-0.15.11.jar)]
[19:42:28] [main/DEBUG] (FabricLoader/Mixin) Processing prepare() for PlatformAgent[MixinPlatformAgentDefault:ContainerHandleURI(file:///C:/Users/samue/.gradle/caches/modules-2/files-2.1/net.fabricmc/fabric-loader/0.15.11/9c2be53d84ec5c4fb58bb5b8d9c8a629047c9ee9/fabric-loader-0.15.11.jar)]
[19:42:28] [main/INFO] (FabricLoader/Mixin) Loaded Fabric development mappings for mixin remapper!
[19:42:28] [main/DEBUG] (FabricLoader/Mixin) Compatibility level JAVA_21 specified by meteor-client.mixins.json is higher than the maximum level supported by this version of mixin (JAVA_13).
[19:42:28] [main/INFO] (FabricLoader/Mixin) Compatibility level set to JAVA_21
[19:42:28] [main/DEBUG] (FabricLoader/Mixin) Mixin config meteor-client.mixins.json does not specify "minVersion" property
[19:42:28] [main/DEBUG] (FabricLoader/Mixin) Mixin config meteor-client-baritone.mixins.json does not specify "minVersion" property
[19:42:28] [main/DEBUG] (FabricLoader/Mixin) Mixin config meteor-client-indigo.mixins.json does not specify "minVersion" property
[19:42:28] [main/DEBUG] (FabricLoader/Mixin) Mixin config meteor-client-sodium.mixins.json does not specify "minVersion" property
[19:42:28] [main/DEBUG] (FabricLoader/Mixin) Mixin config meteor-client-canvas.mixins.json does not specify "minVersion" property
[19:42:28] [main/DEBUG] (FabricLoader/Mixin) Mixin config meteor-client-lithium.mixins.json does not specify "minVersion" property
[19:42:28] [main/DEBUG] (FabricLoader/Mixin) Mixin config meteor-client-indium.mixins.json does not specify "minVersion" property
[19:42:28] [main/DEBUG] (FabricLoader/Mixin) Mixin config meteor-client-viafabricplus.mixins.json does not specify "minVersion" property
[19:42:28] [main/DEBUG] (FabricLoader/Mixin) Compatibility level JAVA_17 specified by fabric-resource-loader-v0.mixins.json is higher than the maximum level supported by this version of mixin (JAVA_13).
[19:42:28] [main/DEBUG] (FabricLoader/Mixin) Mixin config fabric-resource-loader-v0.mixins.json does not specify "minVersion" property
[19:42:28] [main/DEBUG] (FabricLoader/Mixin) Compatibility level JAVA_17 specified by fabric-resource-loader-v0.client.mixins.json is higher than the maximum level supported by this version of mixin (JAVA_13).
[19:42:28] [main/DEBUG] (FabricLoader/Mixin) Mixin config fabric-resource-loader-v0.client.mixins.json does not specify "minVersion" property
[19:42:28] [main/DEBUG] (FabricLoader/Mixin) Mixin config Mixins.json does not specify "minVersion" property
[19:42:28] [main/DEBUG] (FabricLoader/Knot) Adding C:\Users\samue\IdeaProjects\java projects\seasnail1\.gradle\loom-cache\minecraftMaven\net\minecraft\minecraft-merged-3848b19350\1.20.6-net.fabricmc.yarn.1_20_6.1.20.6+build.3-v2\minecraft-merged-3848b19350-1.20.6-net.fabricmc.yarn.1_20_6.1.20.6+build.3-v2.jar to classpath.
[19:42:28] [main/DEBUG] (FabricLoader/Knot) Adding C:\Users\samue\IdeaProjects\java projects\seasnail1\build\classes\java\main to classpath.
[19:42:28] [main/DEBUG] (FabricLoader/Knot) Adding C:\Users\samue\IdeaProjects\java projects\seasnail1\build\resources\main to classpath.
[19:42:28] [main/DEBUG] (FabricLoader/Knot) Adding C:\Users\samue\.gradle\caches\modules-2\files-2.1\io.github.llamalad7\mixinextras-fabric\0.3.5\3b577be20ea942610b3045e4f0cd909fa415a9d3\mixinextras-fabric-0.3.5.jar to classpath.
[19:42:28] [main/DEBUG] (FabricLoader/Knot) Adding C:\Users\samue\.gradle\caches\modules-2\files-2.1\com.github.oshi\oshi-core\6.4.10\b1d8ab82d11d92fd639b56d639f8f46f739dd5fa\oshi-core-6.4.10.jar to classpath.
[19:42:28] [main/DEBUG] (FabricLoader/Knot) Adding C:\Users\samue\.gradle\caches\modules-2\files-2.1\com.google.guava\failureaccess\1.0.1\1dcf1de382a0bf95a3d8b0849546c88bac1292c9\failureaccess-1.0.1.jar to classpath.
[19:42:28] [main/DEBUG] (FabricLoader/Knot) Adding C:\Users\samue\.gradle\caches\modules-2\files-2.1\com.google.guava\guava\32.1.2-jre\5e64ec7e056456bef3a4bc4c6fdaef71e8ab6318\guava-32.1.2-jre.jar to classpath.
[19:42:28] [main/DEBUG] (FabricLoader/Knot) Adding C:\Users\samue\.gradle\caches\modules-2\files-2.1\com.ibm.icu\icu4j\73.2\61ad4ef7f9131fcf6d25c34b817f90d6da06c9e9\icu4j-73.2.jar to classpath.
[19:42:28] [main/DEBUG] (FabricLoader/Knot) Adding C:\Users\samue\.gradle\caches\modules-2\files-2.1\com.mojang\blocklist\1.0.10\5c685c5ffa94c4cd39496c7184c1d122e515ecef\blocklist-1.0.10.jar to classpath.
[19:42:28] [main/DEBUG] (FabricLoader/Knot) Adding C:\Users\samue\.gradle\caches\modules-2\files-2.1\com.mojang\brigadier\1.2.9\73e324f2ee541493a5179abf367237faa782ed21\brigadier-1.2.9.jar to classpath.
[19:42:28] [main/DEBUG] (FabricLoader/Knot) Adding C:\Users\samue\.gradle\caches\modules-2\files-2.1\com.mojang\datafixerupper\7.0.14\db3485dc1e6b712bd81170d5ce6dca2fb2f8bd86\datafixerupper-7.0.14.jar to classpath.
[19:42:28] [main/DEBUG] (FabricLoader/Knot) Adding C:\Users\samue\.gradle\caches\modules-2\files-2.1\com.mojang\patchy\2.2.10\da05971b07cbb379d002cf7eaec6a2048211fefc\patchy-2.2.10.jar to classpath.
[19:42:28] [main/DEBUG] (FabricLoader/Knot) Adding C:\Users\samue\.gradle\caches\modules-2\files-2.1\com.mojang\text2speech\1.17.9\3cad216e3a7f0c19b4b394388bc9ffc446f13b14\text2speech-1.17.9.jar to classpath.
[19:42:28] [main/DEBUG] (FabricLoader/Knot) Adding C:\Users\samue\.gradle\caches\modules-2\files-2.1\commons-codec\commons-codec\1.16.0\4e3eb3d79888d76b54e28b350915b5dc3919c9de\commons-codec-1.16.0.jar to classpath.
[19:42:28] [main/DEBUG] (FabricLoader/Knot) Adding C:\Users\samue\.gradle\caches\modules-2\files-2.1\commons-io\commons-io\2.15.1\f11560da189ab563a5c8e351941415430e9304ea\commons-io-2.15.1.jar to classpath.
[19:42:28] [main/DEBUG] (FabricLoader/Knot) Adding C:\Users\samue\.gradle\caches\modules-2\files-2.1\commons-logging\commons-logging\1.2\4bfc12adfe4842bf07b657f0369c4cb522955686\commons-logging-1.2.jar to classpath.
[19:42:28] [main/DEBUG] (FabricLoader/Knot) Adding C:\Users\samue\.gradle\caches\modules-2\files-2.1\io.netty\netty-buffer\4.1.97.Final\f8f3d8644afa5e6e1a40a3a6aeb9d9aa970ecb4f\netty-buffer-4.1.97.Final.jar to classpath.
[19:42:28] [main/DEBUG] (FabricLoader/Knot) Adding C:\Users\samue\.gradle\caches\modules-2\files-2.1\io.netty\netty-codec\4.1.97.Final\384ba4d75670befbedb45c4d3b497a93639c206d\netty-codec-4.1.97.Final.jar to classpath.
[19:42:28] [main/DEBUG] (FabricLoader/Knot) Adding C:\Users\samue\.gradle\caches\modules-2\files-2.1\io.netty\netty-common\4.1.97.Final\7cceacaf11df8dc63f23d0fb58e9d4640fc88404\netty-common-4.1.97.Final.jar to classpath.
[19:42:28] [main/DEBUG] (FabricLoader/Knot) Adding C:\Users\samue\.gradle\caches\modules-2\files-2.1\io.netty\netty-handler\4.1.97.Final\abb86c6906bf512bf2b797a41cd7d2e8d3cd7c36\netty-handler-4.1.97.Final.jar to classpath.
[19:42:28] [main/DEBUG] (FabricLoader/Knot) Adding C:\Users\samue\.gradle\caches\modules-2\files-2.1\io.netty\netty-resolver\4.1.97.Final\cec8348108dc76c47cf87c669d514be52c922144\netty-resolver-4.1.97.Final.jar to classpath.
[19:42:28] [main/DEBUG] (FabricLoader/Knot) Adding C:\Users\samue\.gradle\caches\modules-2\files-2.1\io.netty\netty-transport-classes-epoll\4.1.97.Final\795da37ded759e862457a82d9d92c4d39ce8ecee\netty-transport-classes-epoll-4.1.97.Final.jar to classpath.
[19:42:28] [main/DEBUG] (FabricLoader/Knot) Adding C:\Users\samue\.gradle\caches\modules-2\files-2.1\io.netty\netty-transport-native-unix-common\4.1.97.Final\d469d84265ab70095b01b40886cabdd433b6e664\netty-transport-native-unix-common-4.1.97.Final.jar to classpath.
[19:42:28] [main/DEBUG] (FabricLoader/Knot) Adding C:\Users\samue\.gradle\caches\modules-2\files-2.1\io.netty\netty-transport\4.1.97.Final\f37380d23c9bb079bc702910833b2fd532c9abd0\netty-transport-4.1.97.Final.jar to classpath.
[19:42:28] [main/DEBUG] (FabricLoader/Knot) Adding C:\Users\samue\.gradle\caches\modules-2\files-2.1\it.unimi.dsi\fastutil\8.5.12\c24946d46824bd528054bface3231d2ecb7e95e8\fastutil-8.5.12.jar to classpath.
[19:42:28] [main/DEBUG] (FabricLoader/Knot) Adding C:\Users\samue\.gradle\caches\modules-2\files-2.1\net.java.dev.jna\jna-platform\5.14.0\28934d48aed814f11e4c584da55c49fa7032b31b\jna-platform-5.14.0.jar to classpath.
[19:42:28] [main/DEBUG] (FabricLoader/Knot) Adding C:\Users\samue\.gradle\caches\modules-2\files-2.1\net.java.dev.jna\jna\5.14.0\67bf3eaea4f0718cb376a181a629e5f88fa1c9dd\jna-5.14.0.jar to classpath.
[19:42:28] [main/DEBUG] (FabricLoader/Knot) Adding C:\Users\samue\.gradle\caches\modules-2\files-2.1\net.sf.jopt-simple\jopt-simple\5.0.4\4fdac2fbe92dfad86aa6e9301736f6b4342a3f5c\jopt-simple-5.0.4.jar to classpath.
[19:42:28] [main/DEBUG] (FabricLoader/Knot) Adding C:\Users\samue\.gradle\caches\modules-2\files-2.1\org.apache.commons\commons-compress\1.26.0\659feffdd12280201c8aacb8f7be94f9a883c824\commons-compress-1.26.0.jar to classpath.
[19:42:28] [main/DEBUG] (FabricLoader/Knot) Adding C:\Users\samue\.gradle\caches\modules-2\files-2.1\org.apache.commons\commons-lang3\3.14.0\1ed471194b02f2c6cb734a0cd6f6f107c673afae\commons-lang3-3.14.0.jar to classpath.
[19:42:28] [main/DEBUG] (FabricLoader/Knot) Adding C:\Users\samue\.gradle\caches\modules-2\files-2.1\org.apache.httpcomponents\httpclient\4.5.13\e5f6cae5ca7ecaac1ec2827a9e2d65ae2869cada\httpclient-4.5.13.jar to classpath.
[19:42:28] [main/DEBUG] (FabricLoader/Knot) Adding C:\Users\samue\.gradle\caches\modules-2\files-2.1\org.apache.httpcomponents\httpcore\4.4.16\51cf043c87253c9f58b539c9f7e44c8894223850\httpcore-4.4.16.jar to classpath.
[19:42:28] [main/DEBUG] (FabricLoader/Knot) Adding C:\Users\samue\.gradle\caches\modules-2\files-2.1\org.jcraft\jorbis\0.0.17\8872d22b293e8f5d7d56ff92be966e6dc28ebdc6\jorbis-0.0.17.jar to classpath.
[19:42:28] [main/DEBUG] (FabricLoader/Knot) Adding C:\Users\samue\.gradle\caches\modules-2\files-2.1\org.joml\joml\1.10.5\22566d58af70ad3d72308bab63b8339906deb649\joml-1.10.5.jar to classpath.
[19:42:28] [main/DEBUG] (FabricLoader/Knot) Adding C:\Users\samue\.gradle\caches\modules-2\files-2.1\org.lwjgl\lwjgl-freetype\3.3.3\a0db6c84a8becc8ca05f9dbfa985edc348a824c7\lwjgl-freetype-3.3.3.jar to classpath.
[19:42:28] [main/DEBUG] (FabricLoader/Knot) Adding C:\Users\samue\.gradle\caches\modules-2\files-2.1\org.lwjgl\lwjgl-glfw\3.3.3\efa1eb78c5ccd840e9f329717109b5e892d72f8e\lwjgl-glfw-3.3.3.jar to classpath.
[19:42:28] [main/DEBUG] (FabricLoader/Knot) Adding C:\Users\samue\.gradle\caches\modules-2\files-2.1\org.lwjgl\lwjgl-jemalloc\3.3.3\b543467b7ff3c6920539a88ee602d34098628be5\lwjgl-jemalloc-3.3.3.jar to classpath.
[19:42:28] [main/DEBUG] (FabricLoader/Knot) Adding C:\Users\samue\.gradle\caches\modules-2\files-2.1\org.lwjgl\lwjgl-openal\3.3.3\daada81ceb5fc0c291fbfdd4433cb8d9423577f2\lwjgl-openal-3.3.3.jar to classpath.
[19:42:28] [main/DEBUG] (FabricLoader/Knot) Adding C:\Users\samue\.gradle\caches\modules-2\files-2.1\org.lwjgl\lwjgl-opengl\3.3.3\2f6b0147078396a58979125a4c947664e98293a\lwjgl-opengl-3.3.3.jar to classpath.
[19:42:28] [main/DEBUG] (FabricLoader/Knot) Adding C:\Users\samue\.gradle\caches\modules-2\files-2.1\org.lwjgl\lwjgl-stb\3.3.3\25dd6161988d7e65f71d5065c99902402ee32746\lwjgl-stb-3.3.3.jar to classpath.
[19:42:28] [main/DEBUG] (FabricLoader/Knot) Adding C:\Users\samue\.gradle\caches\modules-2\files-2.1\org.lwjgl\lwjgl-tinyfd\3.3.3\82d755ca94b102e9ca77283b9e2dc46d1b15fbe5\lwjgl-tinyfd-3.3.3.jar to classpath.
[19:42:28] [main/DEBUG] (FabricLoader/Knot) Adding C:\Users\samue\.gradle\caches\modules-2\files-2.1\org.lwjgl\lwjgl\3.3.3\29589b5f87ed335a6c7e7ee6a5775f81f97ecb84\lwjgl-3.3.3.jar to classpath.
[19:42:28] [main/DEBUG] (FabricLoader/Knot) Adding C:\Users\samue\.gradle\caches\modules-2\files-2.1\org.lz4\lz4-java\1.8.0\4b986a99445e49ea5fbf5d149c4b63f6ed6c6780\lz4-java-1.8.0.jar to classpath.
[19:42:28] [main/DEBUG] (FabricLoader/Knot) Adding C:\Users\samue\.gradle\caches\modules-2\files-2.1\io.netty\netty-transport-native-epoll\4.1.97.Final\5514744c588190ffda076b35a9b8c9f24946a960\netty-transport-native-epoll-4.1.97.Final-linux-aarch_64.jar to classpath.
[19:42:28] [main/DEBUG] (FabricLoader/Knot) Adding C:\Users\samue\.gradle\caches\modules-2\files-2.1\io.netty\netty-transport-native-epoll\4.1.97.Final\54188f271e388e7f313aea995e82f58ce2cdb809\netty-transport-native-epoll-4.1.97.Final-linux-x86_64.jar to classpath.
[19:42:28] [main/DEBUG] (FabricLoader/Knot) Adding C:\Users\samue\IdeaProjects\java projects\seasnail1\.gradle\loom-cache\remapped_mods\net_fabricmc_yarn_1_20_6_1_20_6_build_3_v2\meteordevelopment\meteor-client\0.5.7-SNAPSHOT\meteor-client-0.5.7-SNAPSHOT.jar to classpath.
[19:42:28] [main/DEBUG] (FabricLoader/Knot) Adding C:\Users\samue\.gradle\caches\fabric-loom\1.20.6\net.fabricmc.yarn.1_20_6.1.20.6+build.3-v2\mappings.jar to classpath.
[19:42:28] [main/DEBUG] (FabricLoader/Knot) Adding C:\Users\samue\.gradle\caches\modules-2\files-2.1\net.fabricmc\dev-launch-injector\0.2.1+build.8\da8bef7e6e2f952da707f282bdb46882a0fce5e3\dev-launch-injector-0.2.1+build.8.jar to classpath.
[19:42:28] [main/DEBUG] (FabricLoader/Knot) Adding C:\Users\samue\.gradle\caches\modules-2\files-2.1\org.lwjgl\lwjgl-freetype\3.3.3\81091b006dbb43fab04c8c638e9ac87c51b4096d\lwjgl-freetype-3.3.3-natives-windows.jar to classpath.
[19:42:28] [main/DEBUG] (FabricLoader/Knot) Adding C:\Users\samue\.gradle\caches\modules-2\files-2.1\org.lwjgl\lwjgl-freetype\3.3.3\82028265a0a2ff33523ca75137ada7dc176e5210\lwjgl-freetype-3.3.3-natives-windows-arm64.jar to classpath.
[19:42:28] [main/DEBUG] (FabricLoader/Knot) Adding C:\Users\samue\.gradle\caches\modules-2\files-2.1\org.lwjgl\lwjgl-freetype\3.3.3\15a8c1de7f51d07a92eae7ce1222557073a0c0c3\lwjgl-freetype-3.3.3-natives-windows-x86.jar to classpath.
[19:42:28] [main/DEBUG] (FabricLoader/Knot) Adding C:\Users\samue\.gradle\caches\modules-2\files-2.1\org.lwjgl\lwjgl-glfw\3.3.3\e449e28b4891fc423c54c85fbc5bb0b9efece67a\lwjgl-glfw-3.3.3-natives-windows.jar to classpath.
[19:42:28] [main/DEBUG] (FabricLoader/Knot) Adding C:\Users\samue\.gradle\caches\modules-2\files-2.1\org.lwjgl\lwjgl-glfw\3.3.3\f27018dc74f6289574502b46cce55d52817554e2\lwjgl-glfw-3.3.3-natives-windows-arm64.jar to classpath.
[19:42:28] [main/DEBUG] (FabricLoader/Knot) Adding C:\Users\samue\.gradle\caches\modules-2\files-2.1\org.lwjgl\lwjgl-glfw\3.3.3\32334f3fd5270a59bad9939a93115acb6de36dcf\lwjgl-glfw-3.3.3-natives-windows-x86.jar to classpath.
[19:42:28] [main/DEBUG] (FabricLoader/Knot) Adding C:\Users\samue\.gradle\caches\modules-2\files-2.1\org.lwjgl\lwjgl-jemalloc\3.3.3\426222fc027602a5f21b9c0fe79cde6a4c7a011f\lwjgl-jemalloc-3.3.3-natives-windows.jar to classpath.
[19:42:28] [main/DEBUG] (FabricLoader/Knot) Adding C:\Users\samue\.gradle\caches\modules-2\files-2.1\org.lwjgl\lwjgl-jemalloc\3.3.3\ba1f3fed0ee4be0217eaa41c5bbfb4b9b1383c33\lwjgl-jemalloc-3.3.3-natives-windows-arm64.jar to classpath.
[19:42:28] [main/DEBUG] (FabricLoader/Knot) Adding C:\Users\samue\.gradle\caches\modules-2\files-2.1\org.lwjgl\lwjgl-jemalloc\3.3.3\f6063b6e0f23be483c5c88d84ce51b39dc69126c\lwjgl-jemalloc-3.3.3-natives-windows-x86.jar to classpath.
[19:42:28] [main/DEBUG] (FabricLoader/Knot) Adding C:\Users\samue\.gradle\caches\modules-2\files-2.1\org.lwjgl\lwjgl-openal\3.3.3\cf83862ae95d98496b26915024c7e666d8ab1c8f\lwjgl-openal-3.3.3-natives-windows.jar to classpath.
[19:42:28] [main/DEBUG] (FabricLoader/Knot) Adding C:\Users\samue\.gradle\caches\modules-2\files-2.1\org.lwjgl\lwjgl-openal\3.3.3\8e0615235116b9e4160dfe87bec90f5f6378bf72\lwjgl-openal-3.3.3-natives-windows-arm64.jar to classpath.
[19:42:28] [main/DEBUG] (FabricLoader/Knot) Adding C:\Users\samue\.gradle\caches\modules-2\files-2.1\org.lwjgl\lwjgl-openal\3.3.3\87b8d5050e3adb46bb58fe1cb2669a4a48fce10d\lwjgl-openal-3.3.3-natives-windows-x86.jar to classpath.
[19:42:28] [main/DEBUG] (FabricLoader/Knot) Adding C:\Users\samue\.gradle\caches\modules-2\files-2.1\org.lwjgl\lwjgl-opengl\3.3.3\e6c1eec8be8a71951b830a4d69efc01c6531900c\lwjgl-opengl-3.3.3-natives-windows.jar to classpath.
[19:42:28] [main/DEBUG] (FabricLoader/Knot) Adding C:\Users\samue\.gradle\caches\modules-2\files-2.1\org.lwjgl\lwjgl-opengl\3.3.3\65e956d3735a1abdc82eff4baec1b61174697d4b\lwjgl-opengl-3.3.3-natives-windows-arm64.jar to classpath.
[19:42:28] [main/DEBUG] (FabricLoader/Knot) Adding C:\Users\samue\.gradle\caches\modules-2\files-2.1\org.lwjgl\lwjgl-opengl\3.3.3\d32d833dcaa2f355a886eaf21f0408b5f03241d\lwjgl-opengl-3.3.3-natives-windows-x86.jar to classpath.
[19:42:28] [main/DEBUG] (FabricLoader/Knot) Adding C:\Users\samue\.gradle\caches\modules-2\files-2.1\org.lwjgl\lwjgl-stb\3.3.3\1d9facdf6541de114b0f963be33505b7679c78cb\lwjgl-stb-3.3.3-natives-windows.jar to classpath.
[19:42:28] [main/DEBUG] (FabricLoader/Knot) Adding C:\Users\samue\.gradle\caches\modules-2\files-2.1\org.lwjgl\lwjgl-stb\3.3.3\a584ab44de569708871f0a79561f4d8c37487f2c\lwjgl-stb-3.3.3-natives-windows-arm64.jar to classpath.
[19:42:28] [main/DEBUG] (FabricLoader/Knot) Adding C:\Users\samue\.gradle\caches\modules-2\files-2.1\org.lwjgl\lwjgl-stb\3.3.3\b5c874687b9aac1a936501d4ed2c49567fd1b575\lwjgl-stb-3.3.3-natives-windows-x86.jar to classpath.
[19:42:28] [main/DEBUG] (FabricLoader/Knot) Adding C:\Users\samue\.gradle\caches\modules-2\files-2.1\org.lwjgl\lwjgl-tinyfd\3.3.3\a6697981b0449a5087c1d546fc08b4f73e8f98c9\lwjgl-tinyfd-3.3.3-natives-windows.jar to classpath.
[19:42:28] [main/DEBUG] (FabricLoader/Knot) Adding C:\Users\samue\.gradle\caches\modules-2\files-2.1\org.lwjgl\lwjgl-tinyfd\3.3.3\a88c494f3006eb91a7433b12a3a55a9a6c20788b\lwjgl-tinyfd-3.3.3-natives-windows-arm64.jar to classpath.
[19:42:28] [main/DEBUG] (FabricLoader/Knot) Adding C:\Users\samue\.gradle\caches\modules-2\files-2.1\org.lwjgl\lwjgl-tinyfd\3.3.3\c336c84ee88cccb495c6ffa112395509e7378e8a\lwjgl-tinyfd-3.3.3-natives-windows-x86.jar to classpath.
[19:42:28] [main/DEBUG] (FabricLoader/Knot) Adding C:\Users\samue\.gradle\caches\modules-2\files-2.1\org.lwjgl\lwjgl\3.3.3\a5ed18a2b82fc91b81f40d717cb1f64c9dcb0540\lwjgl-3.3.3-natives-windows.jar to classpath.
[19:42:28] [main/DEBUG] (FabricLoader/Knot) Adding C:\Users\samue\.gradle\caches\modules-2\files-2.1\org.lwjgl\lwjgl\3.3.3\e9aca8c5479b520a2a7f0d542a118140e812c5e8\lwjgl-3.3.3-natives-windows-arm64.jar to classpath.
[19:42:28] [main/DEBUG] (FabricLoader/Knot) Adding C:\Users\samue\.gradle\caches\modules-2\files-2.1\org.lwjgl\lwjgl\3.3.3\9e670718e050aeaeea0c2d5b907cffb142f2e58f\lwjgl-3.3.3-natives-windows-x86.jar to classpath.
[19:42:28] [main/DEBUG] (FabricLoader/Knot) Adding C:\Users\samue\.gradle\caches\modules-2\files-2.1\meteordevelopment\orbit\0.2.4\3a5ba3b5d3d5a43eda3b145bbe81cd5607f86422\orbit-0.2.4.jar to classpath.
[19:42:28] [main/DEBUG] (FabricLoader/Knot) Adding C:\Users\samue\.gradle\caches\modules-2\files-2.1\meteordevelopment\starscript\0.2.2\96b21475b67901392a1be38871ea4dfc2011b7d9\starscript-0.2.2.jar to classpath.
[19:42:28] [main/DEBUG] (FabricLoader/Knot) Adding C:\Users\samue\.gradle\caches\modules-2\files-2.1\meteordevelopment\discord-ipc\1.1\cb36df2976623c8aa350c77d70ba0ddf55fe764f\discord-ipc-1.1.jar to classpath.
[19:42:28] [main/DEBUG] (FabricLoader/Knot) Adding C:\Users\samue\.gradle\caches\modules-2\files-2.1\org.reflections\reflections\0.10.2\b638d7ca0e0fe0146b60a0e7ba232ad852a73b31\reflections-0.10.2.jar to classpath.
[19:42:28] [main/DEBUG] (FabricLoader/Knot) Adding C:\Users\samue\.gradle\caches\modules-2\files-2.1\io.netty\netty-handler-proxy\4.1.90.Final\6ab526a43a14f7796434fa6a705c34201603235f\netty-handler-proxy-4.1.90.Final.jar to classpath.
[19:42:28] [main/DEBUG] (FabricLoader/Knot) Adding C:\Users\samue\.gradle\caches\modules-2\files-2.1\io.netty\netty-codec-socks\4.1.90.Final\7397535a4e03d2f74c71aa2282eb7a2760ffc37b\netty-codec-socks-4.1.90.Final.jar to classpath.
[19:42:28] [main/DEBUG] (FabricLoader/Knot) Adding C:\Users\samue\.gradle\caches\modules-2\files-2.1\de.florianmichael\WaybackAuthLib\1.0.0\efbe8c9dbfc3b812e73ded11021682969396754d\WaybackAuthLib-1.0.0.jar to classpath.
[19:42:28] [main/DEBUG] (FabricLoader/Knot) Adding C:\Users\samue\.gradle\caches\modules-2\files-2.1\org.javassist\javassist\3.28.0-GA\9a958811a88381bb159cc2f5ed79c34a45c4af7a\javassist-3.28.0-GA.jar to classpath.
[19:42:28] [main/DEBUG] (FabricLoader/Knot) Adding C:\Users\samue\.gradle\caches\modules-2\files-2.1\com.google.code.findbugs\jsr305\3.0.2\25ea2e8b0c338a877313bd4672d3fe056ea78f0d\jsr305-3.0.2.jar to classpath.
[19:42:28] [main/DEBUG] (FabricLoader/Knot) Adding C:\Users\samue\IdeaProjects\java projects\seasnail1\.gradle\loom-cache\remapped_mods\net_fabricmc_yarn_1_20_6_1_20_6_build_3_v2\net\fabricmc\fabric-api\fabric-resource-loader-v0\1.0.5+c5f2432cff\fabric-resource-loader-v0-1.0.5+c5f2432cff.jar to classpath.
[19:42:28] [main/DEBUG] (FabricLoader/Knot) Adding C:\Users\samue\.gradle\caches\modules-2\files-2.1\org.jline\jline-reader\3.20.0\8f15415b022a25b473e8e16c28ae913186ffb9c4\jline-reader-3.20.0.jar to classpath.
[19:42:28] [main/DEBUG] (FabricLoader/Knot) Adding C:\Users\samue\.gradle\caches\modules-2\files-2.1\org.jline\jline-terminal\3.20.0\d0ddcc708ddf527a3454c941b7b9225cc83a15ff\jline-terminal-3.20.0.jar to classpath.
[19:42:28] [main/DEBUG] (FabricLoader/Entrypoint) No subscribers for entrypoint 'preLaunch'
[19:42:28] [main/DEBUG] (FabricLoader/Mixin) Preparing mixins for MixinEnvironment[DEFAULT]
[19:42:28] [main/DEBUG] (FabricLoader/Mixin) Selecting config meteor-client.mixins.json
[19:42:28] [main/DEBUG] (FabricLoader/Mixin) Remapping refMap meteor-client-refmap.json using remapper chain
[19:42:28] [main/DEBUG] (FabricLoader/Mixin) Selecting config meteor-client-baritone.mixins.json
[19:42:28] [main/DEBUG] (FabricLoader/Mixin) Remapping refMap meteor-client-refmap.json using remapper chain
[19:42:28] [main/DEBUG] (FabricLoader/Mixin) Selecting config meteor-client-indigo.mixins.json
[19:42:28] [main/DEBUG] (FabricLoader/Mixin) Remapping refMap meteor-client-refmap.json using remapper chain
[19:42:28] [main/DEBUG] (FabricLoader/Mixin) Selecting config meteor-client-sodium.mixins.json
[19:42:28] [main/DEBUG] (FabricLoader/Mixin) Remapping refMap meteor-client-refmap.json using remapper chain
[19:42:28] [main/DEBUG] (FabricLoader/Mixin) Selecting config meteor-client-canvas.mixins.json
[19:42:28] [main/DEBUG] (FabricLoader/Mixin) Remapping refMap meteor-client-refmap.json using remapper chain
[19:42:28] [main/DEBUG] (FabricLoader/Mixin) Selecting config meteor-client-lithium.mixins.json
[19:42:28] [main/DEBUG] (FabricLoader/Mixin) Remapping refMap meteor-client-refmap.json using remapper chain
[19:42:28] [main/DEBUG] (FabricLoader/Mixin) Selecting config meteor-client-indium.mixins.json
[19:42:28] [main/DEBUG] (FabricLoader/Mixin) Remapping refMap meteor-client-refmap.json using remapper chain
[19:42:28] [main/DEBUG] (FabricLoader/Mixin) Selecting config meteor-client-viafabricplus.mixins.json
[19:42:28] [main/DEBUG] (FabricLoader/Mixin) Remapping refMap meteor-client-refmap.json using remapper chain
[19:42:28] [main/DEBUG] (FabricLoader/Mixin) Selecting config fabric-resource-loader-v0.mixins.json
[19:42:28] [main/DEBUG] (FabricLoader/Mixin) Remapping refMap fabric-resource-loader-v0-refmap.json using remapper chain
[19:42:28] [main/DEBUG] (FabricLoader/Mixin) Selecting config fabric-resource-loader-v0.client.mixins.json
[19:42:28] [main/DEBUG] (FabricLoader/Mixin) Remapping refMap client-fabric-resource-loader-v0-refmap.json using remapper chain
[19:42:28] [main/DEBUG] (FabricLoader/Mixin) Selecting config Mixins.json
[19:42:28] [main/DEBUG] (FabricLoader/Mixin) Selecting config mixinextras.init.mixins.json
[19:42:28] [main/DEBUG] (FabricLoader/MixinExtras|Service) com.llamalad7.mixinextras.service.MixinExtrasServiceImpl(version=0.3.5) is taking over from null
[19:42:28] [main/DEBUG] (FabricLoader/Mixin) Registering new injector for @Inject with org.spongepowered.asm.mixin.injection.struct.CallbackInjectionInfo
[19:42:28] [main/DEBUG] (FabricLoader/Mixin) Registering new injector for @ModifyArg with org.spongepowered.asm.mixin.injection.struct.ModifyArgInjectionInfo
[19:42:28] [main/DEBUG] (FabricLoader/Mixin) Registering new injector for @ModifyArgs with org.spongepowered.asm.mixin.injection.struct.ModifyArgsInjectionInfo
[19:42:28] [main/DEBUG] (FabricLoader/Mixin) Registering new injector for @Redirect with org.spongepowered.asm.mixin.injection.struct.RedirectInjectionInfo
[19:42:28] [main/DEBUG] (FabricLoader/Mixin) Registering new injector for @ModifyVariable with org.spongepowered.asm.mixin.injection.struct.ModifyVariableInjectionInfo
[19:42:28] [main/DEBUG] (FabricLoader/Mixin) Registering new injector for @ModifyConstant with org.spongepowered.asm.mixin.injection.struct.ModifyConstantInjectionInfo
[19:42:28] [main/DEBUG] (FabricLoader/Mixin) Preparing meteor-client.mixins.json (179)
[19:42:28] [main/DEBUG] (FabricLoader/Mixin) @Mixin target com/mojang/blaze3d/platform/GlStateManager$CapabilityTracker is public in meteor-client.mixins.json:CapabilityTrackerMixin from mod meteor-client and should be specified in value
[19:42:28] [main/DEBUG] (FabricLoader/Mixin) @Mixin target net/minecraft/client/gui/screen/ingame/CreativeInventoryScreen$CreativeSlot is public in meteor-client.mixins.json:CreativeSlotMixin from mod meteor-client and should be specified in value
[19:42:28] [main/DEBUG] (FabricLoader/Mixin) @Mixin target net/minecraft/screen/PlayerScreenHandler$1 is public in meteor-client.mixins.json:PlayerArmorSlotMixin from mod meteor-client and should be specified in value
[19:42:28] [main/DEBUG] (FabricLoader/Mixin) @Mixin target net/minecraft/client/font/TextRenderer$Drawer is public in meteor-client.mixins.json:TextRendererMixin from mod meteor-client and should be specified in value
[19:42:28] [main/DEBUG] (FabricLoader/Mixin) Preparing meteor-client-baritone.mixins.json (1)
[19:42:28] [main/WARN] (FabricLoader/Mixin) Error loading class: baritone/command/defaults/ComeCommand (java.lang.ClassNotFoundException: baritone/command/defaults/ComeCommand)
[19:42:28] [main/WARN] (FabricLoader/Mixin) @Mixin target baritone.command.defaults.ComeCommand was not found meteor-client-baritone.mixins.json:ComeCommandMixin from mod meteor-client
[19:42:28] [main/DEBUG] (FabricLoader/Mixin) Preparing meteor-client-indigo.mixins.json (2)
[19:42:28] [main/DEBUG] (FabricLoader/Mixin) Preparing meteor-client-sodium.mixins.json (6)
[19:42:28] [main/DEBUG] (FabricLoader/Mixin) Preparing meteor-client-canvas.mixins.json (0)
[19:42:28] [main/DEBUG] (FabricLoader/Mixin) Preparing meteor-client-lithium.mixins.json (2)
[19:42:28] [main/DEBUG] (FabricLoader/Mixin) Preparing meteor-client-indium.mixins.json (1)
[19:42:28] [main/DEBUG] (FabricLoader/Mixin) Preparing meteor-client-viafabricplus.mixins.json (1)
[19:42:28] [main/DEBUG] (FabricLoader/Mixin) Preparing fabric-resource-loader-v0.mixins.json (12)
[19:42:28] [main/DEBUG] (FabricLoader/Mixin) Preparing fabric-resource-loader-v0.client.mixins.json (7)
[19:42:28] [main/DEBUG] (FabricLoader/Mixin) @Mixin target net/minecraft/client/option/GameOptions$3 is public in fabric-resource-loader-v0.client.mixins.json:GameOptionsWriteVisitorMixin from mod fabric-resource-loader-v0 and should be specified in value
[19:42:28] [main/DEBUG] (FabricLoader/Mixin) Preparing Mixins.json (0)
[19:42:28] [main/DEBUG] (FabricLoader/Mixin) Preparing mixinextras.init.mixins.json (0)
[19:42:29] [main/DEBUG] (FabricLoader/Mixin) Prepared 197 mixins in 0.331 sec (1.7ms avg) (0ms load, 0ms transform, 0ms plugin)
[19:42:29] [main/DEBUG] (io.netty.util.internal.logging.InternalLoggerFactory) Using SLF4J as the default logging framework
[19:42:29] [main/DEBUG] (io.netty.util.ResourceLeakDetector) -Dio.netty.leakDetection.level: simple
[19:42:29] [main/DEBUG] (io.netty.util.ResourceLeakDetector) -Dio.netty.leakDetection.targetRecords: 4
[19:42:29] [main/INFO] (FabricLoader/MixinExtras|Service) Initializing MixinExtras via com.llamalad7.mixinextras.service.MixinExtrasServiceImpl(version=0.3.5).
[19:42:29] [main/DEBUG] (FabricLoader/Mixin) Registering new injector for @SugarWrapper with com.llamalad7.mixinextras.sugar.impl.SugarWrapperInjectionInfo
[19:42:29] [main/DEBUG] (FabricLoader/Mixin) Registering new injector for @FactoryRedirectWrapper with com.llamalad7.mixinextras.wrapper.factory.FactoryRedirectWrapperInjectionInfo
[19:42:29] [main/DEBUG] (FabricLoader/Mixin) Mixing TextMixin from meteor-client.mixins.json into net.minecraft.text.Text
[19:42:29] [main/DEBUG] (FabricLoader/Mixin) Mixing MutableTextMixin from meteor-client.mixins.json into net.minecraft.text.MutableText
[19:42:29] [main/DEBUG] (FabricLoader/Mixin) Mixing IdentifierAccessor from meteor-client.mixins.json into net.minecraft.util.Identifier
[19:42:29] [main/DEBUG] (FabricLoader/Mixin) Mixing CrashReportMixin from meteor-client.mixins.json into net.minecraft.util.crash.CrashReport
[19:42:29] [main/DEBUG] (FabricLoader/Mixin) meteor-client.mixins.json:CrashReportMixin from mod meteor-client->@Inject::onAddStackTrace(Ljava/lang/StringBuilder;Lorg/spongepowered/asm/mixin/injection/callback/CallbackInfo;)V doesn't use it's CallbackInfo
[19:42:29] [main/DEBUG] (FabricLoader/Mixin) meteor-client.mixins.json:CrashReportMixin from mod meteor-client->@Inject::onAddStackTrace(Ljava/lang/StringBuilder;Lorg/spongepowered/asm/mixin/injection/callback/CallbackInfo;)V has 0 override(s) in child classes
[19:42:29] [main/DEBUG] (FabricLoader/Mixin) meteor-client.mixins.json:CrashReportMixin from mod meteor-client->@Inject::onAddStackTrace(Ljava/lang/StringBuilder;Lorg/spongepowered/asm/mixin/injection/callback/CallbackInfo;)V won't be passed a CallbackInfo as a result
