[00:26:17] [main/INFO] (FabricLoader/GameProvider) Loading Minecraft 1.20.6 with Fabric Loader 0.15.11
[00:26:18] [main/INFO] (FabricLoader) Loading 7 mods:
	- fabric-resource-loader-v0 1.0.5+c5f2432cff
	- fabricloader 0.15.11
	- java 21
	- meteor-client 0.5.7-2099
	- minecraft 1.20.6
	- mixinextras 0.3.5
	- snailplus 2.0
[00:26:18] [main/INFO] (FabricLoader/Mixin) SpongePowered MIXIN Subsystem Version=0.8.5 Source=file:/C:/Users/samue/.gradle/caches/modules-2/files-2.1/net.fabricmc/sponge-mixin/0.13.3+mixin.0.8.5/9527e6b0d2449408958fd1302594dc65ec5ade9c/sponge-mixin-0.13.3+mixin.0.8.5.jar Service=Knot/Fabric Env=CLIENT
[00:26:18] [main/INFO] (FabricLoader/Mixin) Loaded Fabric development mappings for mixin remapper!
[00:26:18] [main/INFO] (FabricLoader/Mixin) Compatibility level set to JAVA_17
[00:26:18] [main/INFO] (FabricLoader/Mixin) Compatibility level set to JAVA_21
[00:26:18] [main/WARN] (FabricLoader/Mixin) Error loading class: baritone/command/defaults/ComeCommand (java.lang.ClassNotFoundException: baritone/command/defaults/ComeCommand)
[00:26:18] [main/WARN] (FabricLoader/Mixin) @Mixin target baritone.command.defaults.ComeCommand was not found meteor-client-baritone.mixins.json:ComeCommandMixin from mod meteor-client
[00:26:19] [main/INFO] (FabricLoader/MixinExtras|Service) Initializing MixinExtras via com.llamalad7.mixinextras.service.MixinExtrasServiceImpl(version=0.3.5).
[00:26:23] [Datafixer Bootstrap/INFO] (Minecraft) 222 Datafixer optimizations took 170 milliseconds
[00:26:25] [Render thread/INFO] (Minecraft) Environment: Environment[sessionHost=https://sessionserver.mojang.com, servicesHost=https://api.minecraftservices.com, name=PROD]
[00:26:25] [Render thread/INFO] (Minecraft) Setting user: Player378
[00:26:25] [Render thread/WARN] (ModNioResourcePack) Fabric NioResourcePack: ignored invalid namespace: snail++ in mod ID snailplus
[00:26:25] [Render thread/INFO] (Minecraft) Backend library: LWJGL version 3.3.3-snapshot
[00:26:25] [Render thread/WARN] (ModNioResourcePack) Fabric NioResourcePack: ignored invalid namespace: snail++ in mod ID snailplus
[00:26:26] [Render thread/INFO] (Minecraft) Reloading ResourceManager: vanilla, fabric, fabric-resource-loader-v0, fabricloader, meteor-client
[00:26:26] [Render thread/INFO] (Meteor Client) Initializing Meteor Client
[00:26:26] [Worker-Main-2/INFO] (Minecraft) Found unifont_jp_patch-15.1.04.hex, loading
[00:26:26] [Worker-Main-10/INFO] (Minecraft) Found unifont_all_no_pua-15.1.04.hex, loading
[00:26:27] [Render thread/INFO] (Reflections) Reflections took 329 ms to scan 1 urls, producing 23 keys and 938 values
[00:26:27] [Render thread/INFO] (Reflections) Reflections took 18 ms to scan 1 urls, producing 1 keys and 19 values
[00:26:28] [Render thread/INFO] (Meteor Client) Found 66 font families.
[00:26:28] [Render thread/INFO] (Meteor Client) Path Manager: none
[00:26:28] [Render thread/INFO] (Addon) Welcome to snail++
[00:26:28] [Render thread/INFO] (Meteor Client) Loading
[00:26:28] [Render thread/INFO] (Meteor Client) Loaded in 54 milliseconds
[00:26:29] [Render thread/WARN] (Minecraft) Missing sound for event: minecraft:item.goat_horn.play
[00:26:29] [Render thread/WARN] (Minecraft) Missing sound for event: minecraft:entity.goat.screaming.horn_break
[00:26:29] [Render thread/INFO] (Minecraft) OpenAL initialized on device OpenAL Soft on Headphones (Realtek(R) Audio)
[00:26:29] [Render thread/INFO] (Minecraft) Sound engine started
[00:26:29] [Render thread/INFO] (Minecraft) Created: 1024x512x4 minecraft:textures/atlas/blocks.png-atlas
[00:26:29] [Render thread/INFO] (Minecraft) Created: 256x256x4 minecraft:textures/atlas/signs.png-atlas
[00:26:29] [Render thread/INFO] (Minecraft) Created: 512x512x4 minecraft:textures/atlas/banner_patterns.png-atlas
[00:26:29] [Render thread/INFO] (Minecraft) Created: 512x512x4 minecraft:textures/atlas/shield_patterns.png-atlas
[00:26:29] [Render thread/INFO] (Minecraft) Created: 1024x1024x4 minecraft:textures/atlas/armor_trims.png-atlas
[00:26:29] [Render thread/INFO] (Minecraft) Created: 256x256x4 minecraft:textures/atlas/chest.png-atlas
[00:26:29] [Render thread/INFO] (Minecraft) Created: 128x64x4 minecraft:textures/atlas/decorated_pot.png-atlas
[00:26:29] [Render thread/INFO] (Minecraft) Created: 512x256x4 minecraft:textures/atlas/beds.png-atlas
[00:26:29] [Render thread/INFO] (Minecraft) Created: 512x256x4 minecraft:textures/atlas/shulker_boxes.png-atlas
[00:26:29] [Render thread/INFO] (Minecraft) Created: 512x256x0 minecraft:textures/atlas/particles.png-atlas
[00:26:29] [Render thread/INFO] (Minecraft) Created: 256x256x0 minecraft:textures/atlas/paintings.png-atlas
[00:26:29] [Render thread/INFO] (Minecraft) Created: 256x128x0 minecraft:textures/atlas/mob_effects.png-atlas
[00:26:29] [Render thread/INFO] (Minecraft) Created: 64x64x0 minecraft:textures/atlas/map_decorations.png-atlas
[00:26:29] [Render thread/INFO] (Minecraft) Created: 1024x512x0 minecraft:textures/atlas/gui.png-atlas
[00:26:29] [Render thread/WARN] (Minecraft) Shader rendertype_entity_translucent_emissive could not find sampler named Sampler2 in the specified shader program.
[00:26:32] [Render thread/INFO] (Meteor Client) Checking latest version of Meteor Client
[00:26:32] [Render thread/INFO] (Minecraft) Stopping!
[00:26:32] [Thread-7/INFO] (Meteor Client) Saving
